TN:
SF:src/buildAST.js
FN:3,(anonymous_0)
FN:7,(anonymous_1)
FNF:2
FNH:2
FNDA:1,(anonymous_0)
FNDA:5,(anonymous_1)
DA:3,1
DA:4,1
DA:5,1
DA:7,1
DA:8,5
DA:9,5
DA:10,5
DA:11,5
DA:13,5
DA:14,1
DA:17,4
DA:18,2
DA:21,2
DA:22,0
DA:29,2
DA:30,1
DA:33,1
LF:17
LH:16
BRDA:13,0,0,1
BRDA:13,0,1,4
BRDA:17,1,0,2
BRDA:17,1,1,2
BRDA:21,2,0,0
BRDA:21,2,1,2
BRDA:21,3,0,2
BRDA:21,3,1,0
BRDA:29,4,0,1
BRDA:29,4,1,1
BRF:10
BRH:8
end_of_record
TN:
SF:src/index.js
FN:13,genDiff
FNF:1
FNH:1
FNDA:1,genDiff
DA:7,1
DA:14,1
DA:15,1
DA:17,1
DA:19,1
LF:5
LH:5
BRDA:13,0,0,1
BRF:1
BRH:1
end_of_record
TN:
SF:src/parsers.js
FN:5,(anonymous_0)
FN:6,(anonymous_1)
FN:8,(anonymous_2)
FN:22,(anonymous_3)
FNF:4
FNH:3
FNDA:3,(anonymous_0)
FNDA:0,(anonymous_1)
FNDA:4,(anonymous_2)
FNDA:4,(anonymous_3)
DA:5,3
DA:6,2
DA:8,2
DA:9,4
DA:11,4
DA:13,3
DA:16,0
DA:18,1
DA:22,2
DA:23,4
DA:24,3
DA:25,3
DA:26,3
LF:13
LH:12
BRDA:11,0,0,3
BRDA:11,0,1,0
BRDA:11,0,2,0
BRDA:11,0,3,1
BRF:4
BRH:2
end_of_record
TN:
SF:src/formatters/json.js
FN:1,(anonymous_0)
FNF:1
FNH:0
FNDA:0,(anonymous_0)
DA:1,1
DA:2,0
LF:2
LH:1
BRF:0
BRH:0
end_of_record
TN:
SF:src/formatters/plain.js
FN:3,(anonymous_0)
FN:13,(anonymous_1)
FN:14,(anonymous_2)
FN:33,(anonymous_3)
FNF:4
FNH:0
FNDA:0,(anonymous_0)
FNDA:0,(anonymous_1)
FNDA:0,(anonymous_2)
FNDA:0,(anonymous_3)
DA:3,1
DA:4,0
DA:5,0
DA:7,0
DA:8,0
DA:10,0
DA:13,1
DA:14,0
DA:15,0
DA:17,0
DA:19,0
DA:21,0
DA:23,0
DA:25,0
DA:27,0
DA:29,0
DA:33,0
LF:17
LH:2
BRDA:4,0,0,0
BRDA:4,0,1,0
BRDA:7,1,0,0
BRDA:7,1,1,0
BRDA:13,2,0,0
BRDA:15,3,0,0
BRDA:15,3,1,0
BRDA:17,4,0,0
BRDA:17,4,1,0
BRDA:17,4,2,0
BRDA:17,4,3,0
BRDA:17,4,4,0
BRDA:17,4,5,0
BRF:13
BRH:0
end_of_record
TN:
SF:src/formatters/stylish.js
FN:3,(anonymous_0)
FN:17,(anonymous_1)
FN:25,(anonymous_2)
FN:27,(anonymous_3)
FNF:4
FNH:3
FNDA:6,(anonymous_0)
FNDA:0,(anonymous_1)
FNDA:1,(anonymous_2)
FNDA:5,(anonymous_3)
DA:3,1
DA:4,6
DA:5,0
DA:8,6
DA:9,0
DA:12,6
DA:13,6
DA:16,0
DA:17,0
DA:18,0
DA:19,0
DA:22,0
DA:25,1
DA:26,1
DA:27,1
DA:28,5
DA:30,5
DA:32,0
DA:33,0
DA:36,1
DA:37,1
DA:38,1
DA:41,2
DA:42,2
DA:43,2
DA:46,1
DA:47,1
DA:48,1
DA:49,1
DA:52,1
DA:53,1
DA:54,1
DA:57,0
DA:61,1
LF:34
LH:24
BRDA:4,0,0,0
BRDA:4,0,1,6
BRDA:4,1,0,6
BRDA:4,1,1,6
BRDA:8,2,0,0
BRDA:8,2,1,6
BRDA:8,3,0,6
BRDA:8,3,1,2
BRDA:12,4,0,6
BRDA:12,4,1,0
BRDA:18,5,0,0
BRDA:18,5,1,0
BRDA:25,6,0,1
BRDA:30,7,0,0
BRDA:30,7,1,1
BRDA:30,7,2,2
BRDA:30,7,3,1
BRDA:30,7,4,1
BRDA:30,7,5,0
BRDA:37,8,0,0
BRDA:37,8,1,1
BRDA:42,9,0,0
BRDA:42,9,1,2
BRDA:48,10,0,0
BRDA:48,10,1,1
BRDA:53,11,0,0
BRDA:53,11,1,1
BRF:27
BRH:16
end_of_record
